<?xml version="1.0" encoding="UTF-8"?>
<!-- Generated by org.testng.reporters.JUnitReportReporter -->
<testsuite hostname="MOT-32333-L" failures="0" tests="2" name="piyush.Bonds" time="113.249" errors="0" timestamp="2025-08-11T14:55:05 IST" skipped="0">
  <testcase classname="piyush.Bonds" name="Login" time="56.092"/>
  <testcase classname="piyush.Bonds" name="mainMethod" time="57.157">
    <system-out>
      <![CDATA[<h3>Execution Report</h3>
<table border='1' style='border-collapse: collapse; width: 75%; text-align: center;'>
<tr><th>Sr. No</th><th>Test Case</th><th>Status</th><th>Time Taken (ms)</th></tr>
<tr><td>1</td><td>Select BONDS Tab \u2192 Invest[https://bonds.motilaloswal.com/]</td><td style='background-color: green;color: white; font-weight: bold;'>Pass</td><td>1996</td></tr>
<tr><td>2</td><td>Corporate bonds</td><td style='background-color: green;color: white; font-weight: bold;'>Pass</td><td>159</td></tr>
<tr><td>3</td><td>Corporate bonds Select any bond</td><td style='background-color: green;color: white; font-weight: bold;'>Pass</td><td>461</td></tr>
<tr><td>4</td><td>Corporate bonds Repayment Schedule year, payment schedule, interest</td><td style='background-color: green;color: white; font-weight: bold;'>Pass</td><td>1280</td></tr>
<tr><td>5</td><td>Corporate bonds Download  → Information Memorandum</td><td style='background-color: green;color: white; font-weight: bold;'>Pass</td><td>1124</td></tr>
<tr><td>6</td><td>Corporate bonds Download → Rating Rationale</td><td style='background-color: green;color: white; font-weight: bold;'>Pass</td><td>1115</td></tr>
<tr><td>7</td><td>Corporate bonds View all FAQs</td><td style='background-color: green;color: white; font-weight: bold;'>Pass</td><td>1053</td></tr>
<tr><td>8</td><td>Government Securities webpage redirection</td><td style='background-color: green;color: white; font-weight: bold;'>Pass</td><td>2076</td></tr>
<tr><td>9</td><td>54 EC bonds Select any bond</td><td style='background-color: green;color: white; font-weight: bold;'>Pass</td><td>1122</td></tr>
<tr><td>10</td><td>54 EC bonds Invest now</td><td style='background-color: green;color: white; font-weight: bold;'>Pass</td><td>1125</td></tr>
<tr><td>11</td><td>54 EC bonds Click on submit button</td><td style='background-color: green;color: white; font-weight: bold;'>Pass</td><td>1072</td></tr>
<tr><td>12</td><td>54 EC bonds issue highlights pdf download</td><td style='background-color: green;color: white; font-weight: bold;'>Pass</td><td>1116</td></tr>
<tr><td>13</td><td>54 EC bonds information pdf download</td><td style='background-color: green;color: white; font-weight: bold;'>Pass</td><td>1093</td></tr>
<tr><td>14</td><td>54 EC bonds Click on check status button</td><td style='background-color: green;color: white; font-weight: bold;'>Pass</td><td>91</td></tr>
<tr><td>15</td><td>NCD public issues webpage redirection</td><td style='background-color: red;color: white; font-weight: bold;'>Fail</td><td>15205</td></tr>
</table>]]>
    </system-out>
  </testcase> <!-- mainMethod -->
  <system-out>
    <![CDATA[<h3>Execution Report</h3>
<table border='1' style='border-collapse: collapse; width: 75%; text-align: center;'>
<tr><th>Sr. No</th><th>Test Case</th><th>Status</th><th>Time Taken (ms)</th></tr>
<tr><td>1</td><td>Select BONDS Tab \u2192 Invest[https://bonds.motilaloswal.com/]</td><td style='background-color: green;color: white; font-weight: bold;'>Pass</td><td>1996</td></tr>
<tr><td>2</td><td>Corporate bonds</td><td style='background-color: green;color: white; font-weight: bold;'>Pass</td><td>159</td></tr>
<tr><td>3</td><td>Corporate bonds Select any bond</td><td style='background-color: green;color: white; font-weight: bold;'>Pass</td><td>461</td></tr>
<tr><td>4</td><td>Corporate bonds Repayment Schedule year, payment schedule, interest</td><td style='background-color: green;color: white; font-weight: bold;'>Pass</td><td>1280</td></tr>
<tr><td>5</td><td>Corporate bonds Download  → Information Memorandum</td><td style='background-color: green;color: white; font-weight: bold;'>Pass</td><td>1124</td></tr>
<tr><td>6</td><td>Corporate bonds Download → Rating Rationale</td><td style='background-color: green;color: white; font-weight: bold;'>Pass</td><td>1115</td></tr>
<tr><td>7</td><td>Corporate bonds View all FAQs</td><td style='background-color: green;color: white; font-weight: bold;'>Pass</td><td>1053</td></tr>
<tr><td>8</td><td>Government Securities webpage redirection</td><td style='background-color: green;color: white; font-weight: bold;'>Pass</td><td>2076</td></tr>
<tr><td>9</td><td>54 EC bonds Select any bond</td><td style='background-color: green;color: white; font-weight: bold;'>Pass</td><td>1122</td></tr>
<tr><td>10</td><td>54 EC bonds Invest now</td><td style='background-color: green;color: white; font-weight: bold;'>Pass</td><td>1125</td></tr>
<tr><td>11</td><td>54 EC bonds Click on submit button</td><td style='background-color: green;color: white; font-weight: bold;'>Pass</td><td>1072</td></tr>
<tr><td>12</td><td>54 EC bonds issue highlights pdf download</td><td style='background-color: green;color: white; font-weight: bold;'>Pass</td><td>1116</td></tr>
<tr><td>13</td><td>54 EC bonds information pdf download</td><td style='background-color: green;color: white; font-weight: bold;'>Pass</td><td>1093</td></tr>
<tr><td>14</td><td>54 EC bonds Click on check status button</td><td style='background-color: green;color: white; font-weight: bold;'>Pass</td><td>91</td></tr>
<tr><td>15</td><td>NCD public issues webpage redirection</td><td style='background-color: red;color: white; font-weight: bold;'>Fail</td><td>15205</td></tr>
</table>]]>
  </system-out>
</testsuite> <!-- piyush.Bonds -->
